Added Component: Designator=R6(RES_0603)
Add component. Clean all parameters for all variants
Add component (AddParameter): Name = "Value"; Value = "10K"; VariantName = "[No Variations]"
Added Component: Designator=R19(RES_0603)
Add component. Clean all parameters for all variants
Add component (AddParameter): Name = "Value"; Value = "10K"; VariantName = "[No Variations]"
Added Component: Designator=R20(RES_0603)
Add component. Clean all parameters for all variants
Add component (AddParameter): Name = "Value"; Value = "10K"; VariantName = "[No Variations]"
Added Component: Designator=R21(RES_0603)
Add component. Clean all parameters for all variants
Add component (AddParameter): Name = "Value"; Value = "10K"; VariantName = "[No Variations]"
Added Component: Designator=R22(RES_0603)
Add component. Clean all parameters for all variants
Add component (AddParameter): Name = "Value"; Value = "10K"; VariantName = "[No Variations]"
Added Component: Designator=R23(RES_0603)
Add component. Clean all parameters for all variants
Add component (AddParameter): Name = "Value"; Value = "10K"; VariantName = "[No Variations]"
Added Component: Designator=R24(RES_0603)
Add component. Clean all parameters for all variants
Add component (AddParameter): Name = "Value"; Value = "10K"; VariantName = "[No Variations]"
Added Component: Designator=R25(RES_0603)
Add component. Clean all parameters for all variants
Add component (AddParameter): Name = "Value"; Value = "10K"; VariantName = "[No Variations]"
Added Component: Designator=R26(RES_0603)
Add component. Clean all parameters for all variants
Add component (AddParameter): Name = "Value"; Value = "10K"; VariantName = "[No Variations]"
Added Pin To Net: NetName=A Pin=R6-1
Added Pin To Net: NetName=INA Pin=R6-2
Added Pin To Net: NetName=INA Pin=R19-1
Added Pin To Net: NetName=INP Pin=R19-2
Added Pin To Net: NetName=PGND Pin=R20-1
Added Pin To Net: NetName=INA Pin=R20-2
Added Pin To Net: NetName=B Pin=R21-1
Added Pin To Net: NetName=INB Pin=R21-2
Added Pin To Net: NetName=INB Pin=R22-1
Added Pin To Net: NetName=INP Pin=R22-2
Added Pin To Net: NetName=PGND Pin=R23-1
Added Pin To Net: NetName=INB Pin=R23-2
Added Pin To Net: NetName=C Pin=R24-1
Added Pin To Net: NetName=INC Pin=R24-2
Added Pin To Net: NetName=INC Pin=R25-1
Added Pin To Net: NetName=INP Pin=R25-2
Added Pin To Net: NetName=PGND Pin=R26-1
Added Pin To Net: NetName=INC Pin=R26-2
Added Member To Class: ClassName=Sheet1 Member=Component R6 Res_0603
Added Member To Class: ClassName=Sheet1 Member=Component R19 Res_0603
Added Member To Class: ClassName=Sheet1 Member=Component R20 Res_0603
Added Member To Class: ClassName=Sheet1 Member=Component R21 Res_0603
Added Member To Class: ClassName=Sheet1 Member=Component R22 Res_0603
Added Member To Class: ClassName=Sheet1 Member=Component R23 Res_0603
Added Member To Class: ClassName=Sheet1 Member=Component R24 Res_0603
Added Member To Class: ClassName=Sheet1 Member=Component R25 Res_0603
Added Member To Class: ClassName=Sheet1 Member=Component R26 Res_0603
